
**** Clean-only build of configuration Debug for project DB ****

make clean 
rm -rf  ./src/BMgr.o ./src/DSMgr.o ./src/main.o  ./data.o  ./src/BMgr.d ./src/DSMgr.d ./src/main.d  ./data.d  DB
 

**** Build Finished ****

**** Build of configuration Debug for project Tree ****

make all 
Building file: ../src/BinaryTree.c
Invoking: GCC C Compiler
gcc -O0 -g3 -Wall -c -fmessage-length=0 -MMD -MP -MF"src/BinaryTree.d" -MT"src/BinaryTree.d" -o "src/BinaryTree.o" "../src/BinaryTree.c"
../src/BinaryTree.c: In function ‘tree_successor’:
../src/BinaryTree.c:59: warning: unused variable ‘x’
../src/BinaryTree.c: In function ‘tree_insert’:
../src/BinaryTree.c:73: error: ‘nil’ undeclared (first use in this function)
../src/BinaryTree.c:73: error: (Each undeclared identifier is reported only once
../src/BinaryTree.c:73: error: for each function it appears in.)
../src/BinaryTree.c:78: error: ‘struct tnode’ has no member named ‘key’
../src/BinaryTree.c:78: error: expected expression before ‘<’ token
../src/BinaryTree.c:88: error: ‘struct tnode’ has no member named ‘key’
../src/BinaryTree.c:88: error: ‘struct tnode’ has no member named ‘key’
../src/BinaryTree.c: At top level:
../src/BinaryTree.c:95: error: conflicting types for ‘tree_delete’
../src/BinaryTree.h:35: note: previous declaration of ‘tree_delete’ was here
../src/BinaryTree.c: In function ‘tree_delete’:
../src/BinaryTree.c:121: error: ‘struct tnode’ has no member named ‘key’
../src/BinaryTree.c:121: error: ‘struct tnode’ has no member named ‘key’
make: *** [src/BinaryTree.o] Error 1

**** Build Finished ****

**** Build of configuration Debug for project Tree ****

make all 
Building file: ../src/BinaryTree.c
Invoking: GCC C Compiler
gcc -O0 -g3 -Wall -c -fmessage-length=0 -MMD -MP -MF"src/BinaryTree.d" -MT"src/BinaryTree.d" -o "src/BinaryTree.o" "../src/BinaryTree.c"
../src/BinaryTree.c: In function ‘tree_insert’:
../src/BinaryTree.c:78: error: ‘struct tnode’ has no member named ‘key’
../src/BinaryTree.c:78: error: expected expression before ‘<’ token
../src/BinaryTree.c:88: error: ‘struct tnode’ has no member named ‘key’
../src/BinaryTree.c:88: error: ‘struct tnode’ has no member named ‘key’
../src/BinaryTree.c: At top level:
../src/BinaryTree.c:95: error: conflicting types for ‘tree_delete’
../src/BinaryTree.h:35: note: previous declaration of ‘tree_delete’ was here
../src/BinaryTree.c: In function ‘tree_delete’:
../src/BinaryTree.c:121: error: ‘struct tnode’ has no member named ‘key’
../src/BinaryTree.c:121: error: ‘struct tnode’ has no member named ‘key’
make: *** [src/BinaryTree.o] Error 1

**** Build Finished ****

**** Build of configuration Debug for project Tree ****

make all 
Building file: ../src/BinaryTree.c
Invoking: GCC C Compiler
gcc -O0 -g3 -Wall -c -fmessage-length=0 -MMD -MP -MF"src/BinaryTree.d" -MT"src/BinaryTree.d" -o "src/BinaryTree.o" "../src/BinaryTree.c"
../src/BinaryTree.c: In function ‘tree_insert’:
../src/BinaryTree.c:88: error: ‘struct tnode’ has no member named ‘key’
../src/BinaryTree.c:88: error: ‘struct tnode’ has no member named ‘key’
../src/BinaryTree.c: At top level:
../src/BinaryTree.c:95: error: conflicting types for ‘tree_delete’
../src/BinaryTree.h:35: note: previous declaration of ‘tree_delete’ was here
../src/BinaryTree.c: In function ‘tree_delete’:
../src/BinaryTree.c:121: error: ‘struct tnode’ has no member named ‘key’
../src/BinaryTree.c:121: error: ‘struct tnode’ has no member named ‘key’
make: *** [src/BinaryTree.o] Error 1

**** Build Finished ****

**** Build of configuration Debug for project Sort ****

make all 
make: Nothing to be done for `all'.

**** Build Finished ****

**** Build of configuration Debug for project Tree ****

make all 
Building file: ../src/BinaryTree.c
Invoking: GCC C Compiler
gcc -O0 -g3 -Wall -c -fmessage-length=0 -MMD -MP -MF"src/BinaryTree.d" -MT"src/BinaryTree.d" -o "src/BinaryTree.o" "../src/BinaryTree.c"
../src/BinaryTree.c:95: error: conflicting types for ‘tree_delete’
../src/BinaryTree.h:35: note: previous declaration of ‘tree_delete’ was here
make: *** [src/BinaryTree.o] Error 1

**** Build Finished ****

**** Build of configuration Debug for project Sort ****

make all 
make: Nothing to be done for `all'.

**** Build Finished ****

**** Build of configuration Debug for project Tree ****

make all 
Building file: ../src/BinaryTree.c
Invoking: GCC C Compiler
gcc -O0 -g3 -Wall -c -fmessage-length=0 -MMD -MP -MF"src/BinaryTree.d" -MT"src/BinaryTree.d" -o "src/BinaryTree.o" "../src/BinaryTree.c"
../src/BinaryTree.c: In function ‘tree_delete’:
../src/BinaryTree.c:125: warning: control reaches end of non-void function
Finished building: ../src/BinaryTree.c
 
Building target: Tree
Invoking: GCC C Linker
gcc  -o "Tree"  ./src/BinaryTree.o   
/usr/lib/gcc/i486-linux-gnu/4.4.5/../../../../lib/crt1.o: In function `_start':
(.text+0x18): undefined reference to `main'
collect2: ld returned 1 exit status
make: *** [Tree] Error 1

**** Build Finished ****

**** Build of configuration Debug for project Sort ****

make all 
make: Nothing to be done for `all'.

**** Build Finished ****

**** Build of configuration Debug for project Tree ****

make all 
Building file: ../src/BinaryTree.c
Invoking: GCC C Compiler
gcc -O0 -g3 -Wall -c -fmessage-length=0 -MMD -MP -MF"src/BinaryTree.d" -MT"src/BinaryTree.d" -o "src/BinaryTree.o" "../src/BinaryTree.c"
Finished building: ../src/BinaryTree.c
 
Building target: Tree
Invoking: GCC C Linker
gcc  -o "Tree"  ./src/BinaryTree.o   
/usr/lib/gcc/i486-linux-gnu/4.4.5/../../../../lib/crt1.o: In function `_start':
(.text+0x18): undefined reference to `main'
collect2: ld returned 1 exit status
make: *** [Tree] Error 1

**** Build Finished ****

**** Build of configuration Debug for project Sort ****

make all 
make: Nothing to be done for `all'.

**** Build Finished ****

**** Build of configuration Debug for project Tree ****

make all 
Building file: ../src/main.c
Invoking: GCC C Compiler
gcc -O0 -g3 -Wall -c -fmessage-length=0 -MMD -MP -MF"src/main.d" -MT"src/main.d" -o "src/main.o" "../src/main.c"
Finished building: ../src/main.c
 
Building target: Tree
Invoking: GCC C Linker
gcc  -o "Tree"  ./src/BinaryTree.o ./src/main.o   
Finished building target: Tree
 

**** Build Finished ****

**** Build of configuration Debug for project Tree ****

make all 
Building file: ../src/main.c
Invoking: GCC C Compiler
gcc -O0 -g3 -Wall -c -fmessage-length=0 -MMD -MP -MF"src/main.d" -MT"src/main.d" -o "src/main.o" "../src/main.c"
../src/main.c: In function ‘main’:
../src/main.c:11: warning: unused variable ‘root’
Finished building: ../src/main.c
 
Building target: Tree
Invoking: GCC C Linker
gcc  -o "Tree"  ./src/BinaryTree.o ./src/main.o   
Finished building target: Tree
 

**** Build Finished ****

**** Build of configuration Debug for project Sort ****

make all 
make: Nothing to be done for `all'.

**** Build Finished ****

**** Build of configuration Debug for project Tree ****

make all 
Building file: ../src/main.c
Invoking: GCC C Compiler
gcc -O0 -g3 -Wall -c -fmessage-length=0 -MMD -MP -MF"src/main.d" -MT"src/main.d" -o "src/main.o" "../src/main.c"
Finished building: ../src/main.c
 
Building target: Tree
Invoking: GCC C Linker
gcc  -o "Tree"  ./src/BinaryTree.o ./src/main.o   
Finished building target: Tree
 

**** Build Finished ****

**** Build of configuration Debug for project Tree ****

make all 
Building file: ../src/main.c
Invoking: GCC C Compiler
gcc -O0 -g3 -Wall -c -fmessage-length=0 -MMD -MP -MF"src/main.d" -MT"src/main.d" -o "src/main.o" "../src/main.c"
Finished building: ../src/main.c
 
Building target: Tree
Invoking: GCC C Linker
gcc  -o "Tree"  ./src/BinaryTree.o ./src/main.o   
Finished building target: Tree
 

**** Build Finished ****

**** Build of configuration Debug for project Tree ****

make all 
make: Nothing to be done for `all'.

**** Build Finished ****

**** Build of configuration Debug for project Tree ****

make all 
Building file: ../src/BinaryTree.c
Invoking: GCC C Compiler
gcc -O0 -g3 -Wall -c -fmessage-length=0 -MMD -MP -MF"src/BinaryTree.d" -MT"src/BinaryTree.d" -o "src/BinaryTree.o" "../src/BinaryTree.c"
Finished building: ../src/BinaryTree.c
 
Building file: ../src/main.c
Invoking: GCC C Compiler
gcc -O0 -g3 -Wall -c -fmessage-length=0 -MMD -MP -MF"src/main.d" -MT"src/main.d" -o "src/main.o" "../src/main.c"
Finished building: ../src/main.c
 
Building target: Tree
Invoking: GCC C Linker
gcc  -o "Tree"  ./src/BinaryTree.o ./src/main.o   
Finished building target: Tree
 

**** Build Finished ****

**** Build of configuration Debug for project Tree ****

make all 
Building file: ../src/main.c
Invoking: GCC C Compiler
gcc -O0 -g3 -Wall -c -fmessage-length=0 -MMD -MP -MF"src/main.d" -MT"src/main.d" -o "src/main.o" "../src/main.c"
../src/main.c: In function ‘main’:
../src/main.c:27: warning: passing argument 1 of ‘tree_insert’ from incompatible pointer type
../src/BinaryTree.h:32: note: expected ‘TreeNode’ but argument is of type ‘struct tnode **’
Finished building: ../src/main.c
 
Building target: Tree
Invoking: GCC C Linker
gcc  -o "Tree"  ./src/BinaryTree.o ./src/main.o   
Finished building target: Tree
 

**** Build Finished ****

**** Build of configuration Debug for project Sort ****

make all 
make: Nothing to be done for `all'.

**** Build Finished ****

**** Build of configuration Debug for project Tree ****

make all 
Building file: ../src/main.c
Invoking: GCC C Compiler
gcc -O0 -g3 -Wall -c -fmessage-length=0 -MMD -MP -MF"src/main.d" -MT"src/main.d" -o "src/main.o" "../src/main.c"
Finished building: ../src/main.c
 
Building target: Tree
Invoking: GCC C Linker
gcc  -o "Tree"  ./src/BinaryTree.o ./src/main.o   
Finished building target: Tree
 

**** Build Finished ****

**** Build of configuration Debug for project Tree ****

make all 
make: Nothing to be done for `all'.

**** Build Finished ****

**** Build of configuration Debug for project Tree ****

make all 
make: Nothing to be done for `all'.

**** Build Finished ****

**** Build of configuration Debug for project Tree ****

make all 
Building file: ../src/BinaryTree.c
Invoking: GCC C Compiler
gcc -O0 -g3 -Wall -c -fmessage-length=0 -MMD -MP -MF"src/BinaryTree.d" -MT"src/BinaryTree.d" -o "src/BinaryTree.o" "../src/BinaryTree.c"
../src/BinaryTree.c: In function ‘tree_insert’:
../src/BinaryTree.c:86: error: incompatible types when assigning to type ‘struct tnode’ from type ‘TreeNode’
make: *** [src/BinaryTree.o] Error 1

**** Build Finished ****

**** Build of configuration Debug for project Tree ****

make all 
Building file: ../src/BinaryTree.c
Invoking: GCC C Compiler
gcc -O0 -g3 -Wall -c -fmessage-length=0 -MMD -MP -MF"src/BinaryTree.d" -MT"src/BinaryTree.d" -o "src/BinaryTree.o" "../src/BinaryTree.c"
Finished building: ../src/BinaryTree.c
 
Building target: Tree
Invoking: GCC C Linker
gcc  -o "Tree"  ./src/BinaryTree.o ./src/main.o   
Finished building target: Tree
 

**** Build Finished ****

**** Clean-only build of configuration Debug for project Tree ****

make clean 
rm -rf  ./src/BinaryTree.o ./src/main.o  ./src/BinaryTree.d ./src/main.d  Tree
 

**** Build Finished ****

**** Build of configuration Debug for project Tree ****

make all 
Building file: ../src/BinaryTree.c
Invoking: GCC C Compiler
gcc -O0 -g3 -Wall -c -fmessage-length=0 -MMD -MP -MF"src/BinaryTree.d" -MT"src/BinaryTree.d" -o "src/BinaryTree.o" "../src/BinaryTree.c"
Finished building: ../src/BinaryTree.c
 
Building file: ../src/main.c
Invoking: GCC C Compiler
gcc -O0 -g3 -Wall -c -fmessage-length=0 -MMD -MP -MF"src/main.d" -MT"src/main.d" -o "src/main.o" "../src/main.c"
Finished building: ../src/main.c
 
Building target: Tree
Invoking: GCC C Linker
gcc  -o "Tree"  ./src/BinaryTree.o ./src/main.o   
Finished building target: Tree
 

**** Build Finished ****

**** Build of configuration Debug for project Tree ****

make all 
Building file: ../src/main.c
Invoking: GCC C Compiler
gcc -O0 -g3 -Wall -c -fmessage-length=0 -MMD -MP -MF"src/main.d" -MT"src/main.d" -o "src/main.o" "../src/main.c"
Finished building: ../src/main.c
 
Building target: Tree
Invoking: GCC C Linker
gcc  -o "Tree"  ./src/BinaryTree.o ./src/main.o   
Finished building target: Tree
 

**** Build Finished ****

**** Build of configuration Debug for project Tree ****

make all 
make: Nothing to be done for `all'.

**** Build Finished ****

**** Build of configuration Debug for project Tree ****

make all 
Building file: ../src/main.c
Invoking: GCC C Compiler
gcc -O0 -g3 -Wall -c -fmessage-length=0 -MMD -MP -MF"src/main.d" -MT"src/main.d" -o "src/main.o" "../src/main.c"
Finished building: ../src/main.c
 
Building target: Tree
Invoking: GCC C Linker
gcc  -o "Tree"  ./src/BinaryTree.o ./src/main.o   
Finished building target: Tree
 

**** Build Finished ****

**** Build of configuration Debug for project Tree ****

make all 
Building file: ../src/main.c
Invoking: GCC C Compiler
gcc -O0 -g3 -Wall -c -fmessage-length=0 -MMD -MP -MF"src/main.d" -MT"src/main.d" -o "src/main.o" "../src/main.c"
../src/main.c: In function ‘main’:
../src/main.c:20: warning: unused variable ‘i’
../src/main.c:19: warning: unused variable ‘value’
Finished building: ../src/main.c
 
Building target: Tree
Invoking: GCC C Linker
gcc  -o "Tree"  ./src/BinaryTree.o ./src/main.o   
Finished building target: Tree
 

**** Build Finished ****

**** Build of configuration Debug for project Tree ****

make all 
Building file: ../src/main.c
Invoking: GCC C Compiler
gcc -O0 -g3 -Wall -c -fmessage-length=0 -MMD -MP -MF"src/main.d" -MT"src/main.d" -o "src/main.o" "../src/main.c"
../src/main.c: In function ‘main’:
../src/main.c:38: warning: passing argument 1 of ‘test’ from incompatible pointer type
../src/main.c:12: note: expected ‘struct tnode **’ but argument is of type ‘TreeNode’
../src/main.c:20: warning: unused variable ‘i’
../src/main.c:19: warning: unused variable ‘value’
Finished building: ../src/main.c
 
Building target: Tree
Invoking: GCC C Linker
gcc  -o "Tree"  ./src/BinaryTree.o ./src/main.o   
Finished building target: Tree
 

**** Build Finished ****

**** Build of configuration Debug for project Tree ****

make all 
Building file: ../src/main.c
Invoking: GCC C Compiler
gcc -O0 -g3 -Wall -c -fmessage-length=0 -MMD -MP -MF"src/main.d" -MT"src/main.d" -o "src/main.o" "../src/main.c"
../src/main.c: In function ‘main’:
../src/main.c:20: warning: unused variable ‘i’
../src/main.c:19: warning: unused variable ‘value’
Finished building: ../src/main.c
 
Building target: Tree
Invoking: GCC C Linker
gcc  -o "Tree"  ./src/BinaryTree.o ./src/main.o   
Finished building target: Tree
 

**** Build Finished ****

**** Build of configuration Debug for project Tree ****

make all 
Building file: ../src/main.c
Invoking: GCC C Compiler
gcc -O0 -g3 -Wall -c -fmessage-length=0 -MMD -MP -MF"src/main.d" -MT"src/main.d" -o "src/main.o" "../src/main.c"
../src/main.c: In function ‘test’:
../src/main.c:14: warning: assignment from incompatible pointer type
../src/main.c: In function ‘main’:
../src/main.c:20: warning: unused variable ‘i’
../src/main.c:19: warning: unused variable ‘value’
Finished building: ../src/main.c
 
Building target: Tree
Invoking: GCC C Linker
gcc  -o "Tree"  ./src/BinaryTree.o ./src/main.o   
Finished building target: Tree
 

**** Build Finished ****

**** Build of configuration Debug for project Tree ****

make all 
Building file: ../src/BinaryTree.c
Invoking: GCC C Compiler
gcc -O0 -g3 -Wall -c -fmessage-length=0 -MMD -MP -MF"src/BinaryTree.d" -MT"src/BinaryTree.d" -o "src/BinaryTree.o" "../src/BinaryTree.c"
../src/BinaryTree.c: In function ‘tree_insert’:
../src/BinaryTree.c:74: warning: assignment from incompatible pointer type
../src/BinaryTree.c:86: warning: assignment from incompatible pointer type
Finished building: ../src/BinaryTree.c
 
Building file: ../src/main.c
Invoking: GCC C Compiler
gcc -O0 -g3 -Wall -c -fmessage-length=0 -MMD -MP -MF"src/main.d" -MT"src/main.d" -o "src/main.o" "../src/main.c"
../src/main.c: In function ‘main’:
../src/main.c:29: error: incompatible types when assigning to type ‘struct tnode’ from type ‘void *’
make: *** [src/main.o] Error 1

**** Build Finished ****

**** Build of configuration Debug for project Tree ****

make all 
Building file: ../src/BinaryTree.c
Invoking: GCC C Compiler
gcc -O0 -g3 -Wall -c -fmessage-length=0 -MMD -MP -MF"src/BinaryTree.d" -MT"src/BinaryTree.d" -o "src/BinaryTree.o" "../src/BinaryTree.c"
Finished building: ../src/BinaryTree.c
 
Building file: ../src/main.c
Invoking: GCC C Compiler
gcc -O0 -g3 -Wall -c -fmessage-length=0 -MMD -MP -MF"src/main.d" -MT"src/main.d" -o "src/main.o" "../src/main.c"
../src/main.c: In function ‘test’:
../src/main.c:14: warning: assignment from incompatible pointer type
../src/main.c:15: error: request for member ‘value’ in something not a structure or union
../src/main.c: In function ‘main’:
../src/main.c:21: warning: unused variable ‘i’
../src/main.c:20: warning: unused variable ‘value’
make: *** [src/main.o] Error 1

**** Build Finished ****

**** Build of configuration Debug for project Tree ****

make all 
Building file: ../src/main.c
Invoking: GCC C Compiler
gcc -O0 -g3 -Wall -c -fmessage-length=0 -MMD -MP -MF"src/main.d" -MT"src/main.d" -o "src/main.o" "../src/main.c"
../src/main.c: In function ‘test’:
../src/main.c:14: warning: assignment from incompatible pointer type
../src/main.c:15: error: request for member ‘value’ in something not a structure or union
../src/main.c: In function ‘main’:
../src/main.c:21: warning: unused variable ‘i’
../src/main.c:20: warning: unused variable ‘value’
make: *** [src/main.o] Error 1

**** Build Finished ****

**** Build of configuration Debug for project Sort ****

make all 
make: Nothing to be done for `all'.

**** Build Finished ****

**** Build of configuration Debug for project Tree ****

make all 
Building file: ../src/main.c
Invoking: GCC C Compiler
gcc -O0 -g3 -Wall -c -fmessage-length=0 -MMD -MP -MF"src/main.d" -MT"src/main.d" -o "src/main.o" "../src/main.c"
../src/main.c: In function ‘test’:
../src/main.c:14: warning: assignment from incompatible pointer type
../src/main.c:15: error: request for member ‘value’ in something not a structure or union
../src/main.c: In function ‘main’:
../src/main.c:22: warning: unused variable ‘i’
../src/main.c:21: warning: unused variable ‘value’
make: *** [src/main.o] Error 1

**** Build Finished ****

**** Build of configuration Debug for project Sort ****

make all 
make: Nothing to be done for `all'.

**** Build Finished ****

**** Build of configuration Debug for project Tree ****

make all 
Building file: ../src/main.c
Invoking: GCC C Compiler
gcc -O0 -g3 -Wall -c -fmessage-length=0 -MMD -MP -MF"src/main.d" -MT"src/main.d" -o "src/main.o" "../src/main.c"
../src/main.c: In function ‘main’:
../src/main.c:22: warning: unused variable ‘i’
../src/main.c:21: warning: unused variable ‘value’
Finished building: ../src/main.c
 
Building target: Tree
Invoking: GCC C Linker
gcc  -o "Tree"  ./src/BinaryTree.o ./src/main.o   
Finished building target: Tree
 

**** Build Finished ****

**** Build of configuration Debug for project Tree ****

make all 
make: Nothing to be done for `all'.

**** Build Finished ****

**** Build of configuration Debug for project Tree ****

make all 
Building file: ../src/main.c
Invoking: GCC C Compiler
gcc -O0 -g3 -Wall -c -fmessage-length=0 -MMD -MP -MF"src/main.d" -MT"src/main.d" -o "src/main.o" "../src/main.c"
../src/main.c: In function ‘main’:
../src/main.c:22: warning: unused variable ‘i’
../src/main.c:21: warning: unused variable ‘value’
Finished building: ../src/main.c
 
Building target: Tree
Invoking: GCC C Linker
gcc  -o "Tree"  ./src/BinaryTree.o ./src/main.o   
Finished building target: Tree
 

**** Build Finished ****

**** Build of configuration Debug for project Tree ****

make all 
make: Nothing to be done for `all'.

**** Build Finished ****

**** Build of configuration Debug for project Tree ****

make all 
Building file: ../src/BinaryTree.c
Invoking: GCC C Compiler
gcc -O0 -g3 -Wall -c -fmessage-length=0 -MMD -MP -MF"src/BinaryTree.d" -MT"src/BinaryTree.d" -o "src/BinaryTree.o" "../src/BinaryTree.c"
Finished building: ../src/BinaryTree.c
 
Building file: ../src/main.c
Invoking: GCC C Compiler
gcc -O0 -g3 -Wall -c -fmessage-length=0 -MMD -MP -MF"src/main.d" -MT"src/main.d" -o "src/main.o" "../src/main.c"
../src/main.c: In function ‘main’:
../src/main.c:22: warning: unused variable ‘i’
Finished building: ../src/main.c
../src/main.c:21: warning: unused variable ‘value’
 
Building target: Tree
Invoking: GCC C Linker
gcc  -o "Tree"  ./src/BinaryTree.o ./src/main.o   
Finished building target: Tree
 

**** Build Finished ****

**** Build of configuration Debug for project Tree ****

make all 
Building file: ../src/main.c
Invoking: GCC C Compiler
gcc -O0 -g3 -Wall -c -fmessage-length=0 -MMD -MP -MF"src/main.d" -MT"src/main.d" -o "src/main.o" "../src/main.c"
../src/main.c: In function ‘main’:
../src/main.c:31: error: incompatible types when assigning to type ‘struct tnode’ from type ‘void *’
../src/main.c:34: warning: passing argument 1 of ‘tree_insert’ from incompatible pointer type
../src/BinaryTree.h:33: note: expected ‘struct TNode **’ but argument is of type ‘TreeNode’
make: *** [src/main.o] Error 1

**** Build Finished ****

**** Build of configuration Debug for project Tree ****

make all 
Building file: ../src/main.c
Invoking: GCC C Compiler
gcc -O0 -g3 -Wall -c -fmessage-length=0 -MMD -MP -MF"src/main.d" -MT"src/main.d" -o "src/main.o" "../src/main.c"
Finished building: ../src/main.c
 
Building target: Tree
Invoking: GCC C Linker
gcc  -o "Tree"  ./src/BinaryTree.o ./src/main.o   
Finished building target: Tree
 

**** Build Finished ****

**** Build of configuration Debug for project Tree ****

make all 
Building file: ../src/BinaryTree.c
Invoking: GCC C Compiler
gcc -O0 -g3 -Wall -c -fmessage-length=0 -MMD -MP -MF"src/BinaryTree.d" -MT"src/BinaryTree.d" -o "src/BinaryTree.o" "../src/BinaryTree.c"
Finished building: ../src/BinaryTree.c
 
Building file: ../src/main.c
Invoking: GCC C Compiler
gcc -O0 -g3 -Wall -c -fmessage-length=0 -MMD -MP -MF"src/main.d" -MT"src/main.d" -o "src/main.o" "../src/main.c"
Finished building: ../src/main.c
 
Building target: Tree
Invoking: GCC C Linker
gcc  -o "Tree"  ./src/BinaryTree.o ./src/main.o   
Finished building target: Tree
 

**** Build Finished ****

**** Build of configuration Debug for project Tree ****

make all 
Building file: ../src/main.c
Invoking: GCC C Compiler
gcc -O0 -g3 -Wall -c -fmessage-length=0 -MMD -MP -MF"src/main.d" -MT"src/main.d" -o "src/main.o" "../src/main.c"
Finished building: ../src/main.c
 
Building target: Tree
Invoking: GCC C Linker
gcc  -o "Tree"  ./src/BinaryTree.o ./src/main.o   
Finished building target: Tree
 

**** Build Finished ****

**** Build of configuration Debug for project Sort ****

make all 
make: Nothing to be done for `all'.

**** Build Finished ****

**** Build of configuration Debug for project Sort ****

make all 
make: Nothing to be done for `all'.

**** Build Finished ****

**** Build of configuration Debug for project LCS ****

make all 
Building file: ../src/random.c
Invoking: GCC C Compiler
gcc -O0 -g3 -Wall -c -fmessage-length=0 -MMD -MP -MF"src/random.d" -MT"src/random.d" -o "src/random.o" "../src/random.c"
../src/random.c: In function ‘main’:
../src/random.c:35: warning: passing argument 1 of ‘sprintf’ from incompatible pointer type
/usr/include/stdio.h:341: note: expected ‘char * __restrict__’ but argument is of type ‘struct FILE *’
../src/random.c:17: warning: unused variable ‘count’
Finished building: ../src/random.c
 
Building target: LCS
Invoking: GCC C Linker
gcc  -o "LCS"  ./src/random.o   
Finished building target: LCS
 

**** Build Finished ****

**** Build of configuration Debug for project Sort ****

make all 
make: Nothing to be done for `all'.

**** Build Finished ****

**** Build of configuration Debug for project Tree ****

make all 
Building file: ../src/BinaryTree.c
Invoking: GCC C Compiler
gcc -O0 -g3 -Wall -c -fmessage-length=0 -MMD -MP -MF"src/BinaryTree.d" -MT"src/BinaryTree.d" -o "src/BinaryTree.o" "../src/BinaryTree.c"
Finished building: ../src/BinaryTree.c
 
Building file: ../src/main.c
Invoking: GCC C Compiler
gcc -O0 -g3 -Wall -c -fmessage-length=0 -MMD -MP -MF"src/main.d" -MT"src/main.d" -o "src/main.o" "../src/main.c"
Finished building: ../src/main.c
 
Building file: ../src/RBTree.c
Invoking: GCC C Compiler
gcc -O0 -g3 -Wall -c -fmessage-length=0 -MMD -MP -MF"src/RBTree.d" -MT"src/RBTree.d" -o "src/RBTree.o" "../src/RBTree.c"
../src/RBTree.c: In function ‘left_rotate’:
../src/RBTree.c:13: error: request for member ‘right’ in something not a structure or union
../src/RBTree.c:14: error: request for member ‘right’ in something not a structure or union
../src/RBTree.c:14: error: request for member ‘left’ in something not a structure or union
../src/RBTree.c:15: error: request for member ‘left’ in something not a structure or union
../src/RBTree.c:16: error: request for member ‘left’ in something not a structure or union
../src/RBTree.c:18: error: request for member ‘parent’ in something not a structure or union
../src/RBTree.c:18: error: request for member ‘parent’ in something not a structure or union
../src/RBTree.c:19: error: request for member ‘parent’ in something not a structure or union
../src/RBTree.c:21: error: request for member ‘parent’ in something not a structure or union
../src/RBTree.c:22: error: request for member ‘parent’ in something not a structure or union
../src/RBTree.c:24: error: request for member ‘parent’ in something not a structure or union
../src/RBTree.c:26: error: request for member ‘left’ in something not a structure or union
../src/RBTree.c:27: error: request for member ‘parent’ in something not a structure or union
../src/RBTree.c: In function ‘right_rotate’:
../src/RBTree.c:33: error: request for member ‘left’ in something not a structure or union
../src/RBTree.c:34: error: request for member ‘left’ in something not a structure or union
../src/RBTree.c:34: error: request for member ‘right’ in something not a structure or union
../src/RBTree.c:35: error: request for member ‘right’ in something not a structure or union
../src/RBTree.c:36: error: request for member ‘right’ in something not a structure or union
../src/RBTree.c:38: error: request for member ‘parent’ in something not a structure or union
../src/RBTree.c:38: error: request for member ‘parent’ in something not a structure or union
../src/RBTree.c:39: error: request for member ‘parent’ in something not a structure or union
../src/RBTree.c:41: error: request for member ‘parent’ in something not a structure or union
../src/RBTree.c:42: error: request for member ‘parent’ in something not a structure or union
../src/RBTree.c:44: error: request for member ‘parent’ in something not a structure or union
../src/RBTree.c:46: error: request for member ‘right’ in something not a structure or union
../src/RBTree.c:47: error: request for member ‘parent’ in something not a structure or union
../src/RBTree.c: In function ‘rb_insert’:
../src/RBTree.c:58: error: request for member ‘key’ in something not a structure or union
../src/RBTree.c:58: error: request for member ‘key’ in something not a structure or union
../src/RBTree.c:59: error: request for member ‘left’ in something not a structure or union
../src/RBTree.c:61: error: request for member ‘right’ in something not a structure or union
../src/RBTree.c:64: error: request for member ‘parent’ in something not a structure or union
../src/RBTree.c:69: error: request for member ‘key’ in something not a structure or union
../src/RBTree.c:69: error: request for member ‘key’ in something not a structure or union
../src/RBTree.c:70: error: request for member ‘left’ in something not a structure or union
../src/RBTree.c:72: error: request for member ‘right’ in something not a structure or union
../src/RBTree.c:74: error: request for member ‘left’ in something not a structure or union
../src/RBTree.c:75: error: request for member ‘right’ in something not a structure or union
../src/RBTree.c:76: error: request for member ‘color’ in something not a structure or union
../src/RBTree.c: In function ‘rb_insert_fixup’:
../src/RBTree.c:83: error: request for member ‘parent’ in something not a structure or union
../src/RBTree.c:85: error: request for member ‘parent’ in something not a structure or union
../src/RBTree.c:85: error: request for member ‘parent’ in something not a structure or union
../src/RBTree.c:87: error: request for member ‘parent’ in something not a structure or union
../src/RBTree.c:88: error: request for member ‘color’ in something not a structure or union
../src/RBTree.c:90: error: request for member ‘parent’ in something not a structure or union
../src/RBTree.c:91: error: request for member ‘color’ in something not a structure or union
../src/RBTree.c:92: error: request for member ‘parent’ in something not a structure or union
../src/RBTree.c:94: error: request for member ‘parent’ in something not a structure or union
../src/RBTree.c:96: error: request for member ‘parent’ in something not a structure or union
../src/RBTree.c:100: error: request for member ‘parent’ in something not a structure or union
../src/RBTree.c:101: error: request for member ‘parent’ in something not a structure or union
../src/RBTree.c:102: error: request for member ‘parent’ in something not a structure or union
../src/RBTree.c:107: error: request for member ‘parent’ in something not a structure or union
../src/RBTree.c:108: error: request for member ‘color’ in something not a structure or union
../src/RBTree.c:110: error: request for member ‘parent’ in something not a structure or union
../src/RBTree.c:111: error: request for member ‘color’ in something not a structure or union
../src/RBTree.c:112: error: request for member ‘parent’ in something not a structure or union
../src/RBTree.c:114: error: request for member ‘parent’ in something not a structure or union
../src/RBTree.c:116: error: request for member ‘parent’ in something not a structure or union
../src/RBTree.c:120: error: request for member ‘parent’ in something not a structure or union
../src/RBTree.c:121: error: request for member ‘parent’ in something not a structure or union
../src/RBTree.c:122: error: request for member ‘parent’ in something not a structure or union
../src/RBTree.c:125: error: request for member ‘color’ in something not a structure or union
../src/RBTree.c: At top level:
../src/RBTree.c:128: error: conflicting types for ‘rb_delete’
../src/RBTree.h:32: note: previous declaration of ‘rb_delete’ was here
../src/RBTree.c: In function ‘rb_delete’:
../src/RBTree.c:131: error: request for member ‘left’ in something not a structure or union
../src/RBTree.c:131: error: request for member ‘right’ in something not a structure or union
../src/RBTree.c:135: error: expected expression before ‘}’ token
../src/RBTree.c: At top level:
../src/RBTree.c:137: error: conflicting types for ‘rb_delete_fixup’
../src/RBTree.h:34: note: previous declaration of ‘rb_delete_fixup’ was here
make: *** [src/RBTree.o] Error 1

**** Build Finished ****

**** Build of configuration Debug for project LCS ****

make all 
Building file: ../src/random.c
Invoking: GCC C Compiler
gcc -O0 -g3 -Wall -c -fmessage-length=0 -MMD -MP -MF"src/random.d" -MT"src/random.d" -o "src/random.o" "../src/random.c"
../src/random.c: In function ‘main’:
../src/random.c:35: warning: passing argument 1 of ‘sprintf’ from incompatible pointer type
/usr/include/stdio.h:341: note: expected ‘char * __restrict__’ but argument is of type ‘struct FILE *’
Finished building: ../src/random.c
 
Building target: LCS
Invoking: GCC C Linker
gcc  -o "LCS"  ./src/random.o   
Finished building target: LCS
 

**** Build Finished ****

**** Build of configuration Debug for project LCS ****

make all 
Building file: ../src/random.c
Invoking: GCC C Compiler
gcc -O0 -g3 -Wall -c -fmessage-length=0 -MMD -MP -MF"src/random.d" -MT"src/random.d" -o "src/random.o" "../src/random.c"
../src/random.c: In function ‘main’:
../src/random.c:19: warning: unused variable ‘fout’
Finished building: ../src/random.c
 
Building target: LCS
Invoking: GCC C Linker
gcc  -o "LCS"  ./src/random.o   
Finished building target: LCS
 

**** Build Finished ****

**** Build of configuration Debug for project Sort ****

make all 
make: Nothing to be done for `all'.

**** Build Finished ****

**** Build of configuration Debug for project LCS ****

make all 
make: Nothing to be done for `all'.

**** Build Finished ****

**** Build of configuration Debug for project LCS ****

make all 
Building file: ../src/random.c
Invoking: GCC C Compiler
gcc -O0 -g3 -Wall -c -fmessage-length=0 -MMD -MP -MF"src/random.d" -MT"src/random.d" -o "src/random.o" "../src/random.c"
Finished building: ../src/random.c
 
Building target: LCS
Invoking: GCC C Linker
gcc  -o "LCS"  ./src/random.o   
Finished building target: LCS
 

**** Build Finished ****

**** Build of configuration Debug for project LCS ****

make all 
make: Nothing to be done for `all'.

**** Build Finished ****

**** Build of configuration Debug for project LCS ****

make all 
Building file: ../src/random.c
Invoking: GCC C Compiler
gcc -O0 -g3 -Wall -c -fmessage-length=0 -MMD -MP -MF"src/random.d" -MT"src/random.d" -o "src/random.o" "../src/random.c"
Finished building: ../src/random.c
 
Building target: LCS
Invoking: GCC C Linker
gcc  -o "LCS"  ./src/random.o   
Finished building target: LCS
 

**** Build Finished ****

**** Build of configuration Debug for project LCS ****

make all 
Building file: ../src/random.c
Invoking: GCC C Compiler
gcc -O0 -g3 -Wall -c -fmessage-length=0 -MMD -MP -MF"src/random.d" -MT"src/random.d" -o "src/random.o" "../src/random.c"
Finished building: ../src/random.c
 
Building target: LCS
Invoking: GCC C Linker
gcc  -o "LCS"  ./src/random.o   
Finished building target: LCS
 

**** Build Finished ****

**** Build of configuration Debug for project LCS ****

make all 
Building file: ../src/main.c
Invoking: GCC C Compiler
gcc -O0 -g3 -Wall -c -fmessage-length=0 -MMD -MP -MF"src/main.d" -MT"src/main.d" -o "src/main.o" "../src/main.c"
Finished building: ../src/main.c
 
Building target: LCS
Invoking: GCC C Linker
gcc  -o "LCS"  ./src/main.o ./src/random.o   
./src/random.o: In function `main':
/home/arming/Lectures/Algorithm/code/lab/workspace/LCS/Debug/../src/random.c:15: multiple definition of `main'
./src/main.o:/home/arming/Lectures/Algorithm/code/lab/workspace/LCS/Debug/../src/main.c:10: first defined here
collect2: ld returned 1 exit status
make: *** [LCS] Error 1

**** Build Finished ****

**** Build of configuration Debug for project Sort ****

make all 
make: Nothing to be done for `all'.

**** Build Finished ****

**** Build of configuration Debug for project LCS ****

make all 
Building file: ../src/main.c
Invoking: GCC C Compiler
gcc -O0 -g3 -Wall -c -fmessage-length=0 -MMD -MP -MF"src/main.d" -MT"src/main.d" -o "src/main.o" "../src/main.c"
../src/main.c: In function ‘main’:
../src/main.c:30: error: ‘FILE’ undeclared (first use in this function)
../src/main.c:30: error: (Each undeclared identifier is reported only once
../src/main.c:30: error: for each function it appears in.)
../src/main.c:30: error: ‘fin’ undeclared (first use in this function)
../src/main.c:30: warning: implicit declaration of function ‘fopen’
../src/main.c:36: warning: implicit declaration of function ‘fscanf’
../src/main.c:36: warning: incompatible implicit declaration of built-in function ‘fscanf’
../src/main.c:42: warning: implicit declaration of function ‘printf’
../src/main.c:42: warning: incompatible implicit declaration of built-in function ‘printf’
../src/main.c: In function ‘print_lcs’:
../src/main.c:78: warning: incompatible implicit declaration of built-in function ‘printf’
make: *** [src/main.o] Error 1

**** Build Finished ****

**** Build of configuration Debug for project Sort ****

make all 
make: Nothing to be done for `all'.

**** Build Finished ****

**** Build of configuration Debug for project LCS ****

make all 
Building file: ../src/main.c
Invoking: GCC C Compiler
gcc -O0 -g3 -Wall -c -fmessage-length=0 -MMD -MP -MF"src/main.d" -MT"src/main.d" -o "src/main.o" "../src/main.c"
Finished building: ../src/main.c
 
Building file: ../src/random.c
Invoking: GCC C Compiler
gcc -O0 -g3 -Wall -c -fmessage-length=0 -MMD -MP -MF"src/random.d" -MT"src/random.d" -o "src/random.o" "../src/random.c"
Finished building: ../src/random.c
 
Building target: LCS
Invoking: GCC C Linker
gcc  -o "LCS"  ./src/main.o ./src/random.o   
Finished building target: LCS
 

**** Build Finished ****

**** Build of configuration Debug for project Sort ****

make all 
make: Nothing to be done for `all'.

**** Build Finished ****

**** Build of configuration Debug for project LCS ****

make all 
make: Nothing to be done for `all'.

**** Build Finished ****

**** Build of configuration Debug for project LCS ****

make all 
Building file: ../src/main.c
Invoking: GCC C Compiler
gcc -O0 -g3 -Wall -c -fmessage-length=0 -MMD -MP -MF"src/main.d" -MT"src/main.d" -o "src/main.o" "../src/main.c"
Finished building: ../src/main.c
 
Building target: LCS
Invoking: GCC C Linker
gcc  -o "LCS"  ./src/main.o ./src/random.o   
Finished building target: LCS
 

**** Build Finished ****

**** Build of configuration Debug for project LCS ****

make all 
Building file: ../src/QuickSort.c
Invoking: GCC C Compiler
gcc -O0 -g3 -Wall -c -fmessage-length=0 -MMD -MP -MF"src/QuickSort.d" -MT"src/QuickSort.d" -o "src/QuickSort.o" "../src/QuickSort.c"
../src/QuickSort.c:3: error: conflicting types for ‘partition’
../src/QuickSort.h:4: note: previous declaration of ‘partition’ was here
../src/QuickSort.c:24: error: conflicting types for ‘quick_sort’
../src/QuickSort.h:5: note: previous declaration of ‘quick_sort’ was here
make: *** [src/QuickSort.o] Error 1

**** Build Finished ****

**** Build of configuration Debug for project LCS ****

make all 
Building file: ../src/QuickSort.c
Invoking: GCC C Compiler
gcc -O0 -g3 -Wall -c -fmessage-length=0 -MMD -MP -MF"src/QuickSort.d" -MT"src/QuickSort.d" -o "src/QuickSort.o" "../src/QuickSort.c"
Finished building: ../src/QuickSort.c
 
Building file: ../src/lcs.c
Invoking: GCC C Compiler
gcc -O0 -g3 -Wall -c -fmessage-length=0 -MMD -MP -MF"src/lcs.d" -MT"src/lcs.d" -o "src/lcs.o" "../src/lcs.c"
../src/lcs.c: In function ‘print_lcs’:
../src/lcs.c:39: warning: implicit declaration of function ‘printf’
../src/lcs.c:39: warning: incompatible implicit declaration of built-in function ‘printf’
Finished building: ../src/lcs.c
 
Building file: ../src/main.c
Invoking: GCC C Compiler
gcc -O0 -g3 -Wall -c -fmessage-length=0 -MMD -MP -MF"src/main.d" -MT"src/main.d" -o "src/main.o" "../src/main.c"
Finished building: ../src/main.c
 
Building target: LCS
Invoking: GCC C Linker
gcc  -o "LCS"  ./src/QuickSort.o ./src/lcs.o ./src/main.o ./src/random.o   
Finished building target: LCS
 

**** Build Finished ****

**** Build of configuration Debug for project Sort ****

make all 
Building file: ../src/QuickSort.c
Invoking: GCC C Compiler
gcc -O0 -g3 -Wall -c -fmessage-length=0 -MMD -MP -MF"src/QuickSort.d" -MT"src/QuickSort.d" -o "src/QuickSort.o" "../src/QuickSort.c"
Finished building: ../src/QuickSort.c
 
Building target: Sort
Invoking: GCC C Linker
gcc  -o "Sort"  ./src/BubbleSort.o ./src/BucketSort.o ./src/InsertSort.o ./src/MergeSort.o ./src/QuickSort.o ./src/ShellSort.o ./src/main.o   
Finished building target: Sort
 

**** Build Finished ****

**** Build of configuration Debug for project LCS ****

make all 
make: Nothing to be done for `all'.

**** Build Finished ****

**** Build of configuration Debug for project LCS ****

make all 
Building file: ../src/lcs.c
Invoking: GCC C Compiler
gcc -O0 -g3 -Wall -c -fmessage-length=0 -MMD -MP -MF"src/lcs.d" -MT"src/lcs.d" -o "src/lcs.o" "../src/lcs.c"
../src/lcs.c: In function ‘print_lcs’:
../src/lcs.c:39: warning: implicit declaration of function ‘printf’
../src/lcs.c:39: warning: incompatible implicit declaration of built-in function ‘printf’
Finished building: ../src/lcs.c
 
Building file: ../src/main.c
Invoking: GCC C Compiler
gcc -O0 -g3 -Wall -c -fmessage-length=0 -MMD -MP -MF"src/main.d" -MT"src/main.d" -o "src/main.o" "../src/main.c"
Finished building: ../src/main.c
 
Building target: LCS
Invoking: GCC C Linker
gcc  -o "LCS"  ./src/QuickSort.o ./src/lcs.o ./src/main.o ./src/random.o   
Finished building target: LCS
 

**** Build Finished ****

**** Build of configuration Debug for project LCS ****

make all 
Building file: ../src/main.c
Invoking: GCC C Compiler
gcc -O0 -g3 -Wall -c -fmessage-length=0 -MMD -MP -MF"src/main.d" -MT"src/main.d" -o "src/main.o" "../src/main.c"
Finished building: ../src/main.c
 
Building target: LCS
Invoking: GCC C Linker
gcc  -o "LCS"  ./src/QuickSort.o ./src/lcs.o ./src/main.o ./src/random.o   
Finished building target: LCS
 

**** Build Finished ****

**** Build of configuration Debug for project LCS ****

make all 
Building file: ../src/lcs.c
Invoking: GCC C Compiler
gcc -O0 -g3 -Wall -c -fmessage-length=0 -MMD -MP -MF"src/lcs.d" -MT"src/lcs.d" -o "src/lcs.o" "../src/lcs.c"
../src/lcs.c: In function ‘print_lcs’:
../src/lcs.c:39: warning: implicit declaration of function ‘printf’
../src/lcs.c:39: warning: incompatible implicit declaration of built-in function ‘printf’
Finished building: ../src/lcs.c
 
Building file: ../src/main.c
Invoking: GCC C Compiler
gcc -O0 -g3 -Wall -c -fmessage-length=0 -MMD -MP -MF"src/main.d" -MT"src/main.d" -o "src/main.o" "../src/main.c"
Finished building: ../src/main.c
 
Building target: LCS
Invoking: GCC C Linker
gcc  -o "LCS"  ./src/QuickSort.o ./src/lcs.o ./src/main.o ./src/random.o   
Finished building target: LCS
 

**** Build Finished ****

**** Build of configuration Debug for project LCS ****

make all 
Building file: ../src/lcs_nlogn.c
Invoking: GCC C Compiler
gcc -O0 -g3 -Wall -c -fmessage-length=0 -MMD -MP -MF"src/lcs_nlogn.d" -MT"src/lcs_nlogn.d" -o "src/lcs_nlogn.o" "../src/lcs_nlogn.c"
../src/lcs_nlogn.c: In function ‘print_lis’:
../src/lcs_nlogn.c:39: warning: implicit declaration of function ‘printf’
../src/lcs_nlogn.c:39: warning: incompatible implicit declaration of built-in function ‘printf’
Finished building: ../src/lcs_nlogn.c
 
Building file: ../src/main.c
Invoking: GCC C Compiler
gcc -O0 -g3 -Wall -c -fmessage-length=0 -MMD -MP -MF"src/main.d" -MT"src/main.d" -o "src/main.o" "../src/main.c"
Finished building: ../src/main.c
 
Building target: LCS
Invoking: GCC C Linker
gcc  -o "LCS"  ./src/QuickSort.o ./src/lcs.o ./src/lcs_nlogn.o ./src/main.o ./src/random.o   
Finished building target: LCS
 

**** Build Finished ****

**** Build of configuration Debug for project LCS ****

make all 
Building file: ../src/lcs.c
Invoking: GCC C Compiler
gcc -O0 -g3 -Wall -c -fmessage-length=0 -MMD -MP -MF"src/lcs.d" -MT"src/lcs.d" -o "src/lcs.o" "../src/lcs.c"
../src/lcs.c: In function ‘print_lcs’:
../src/lcs.c:39: warning: implicit declaration of function ‘printf’
../src/lcs.c:39: warning: incompatible implicit declaration of built-in function ‘printf’
Finished building: ../src/lcs.c
 
Building file: ../src/lcs_nlogn.c
Invoking: GCC C Compiler
gcc -O0 -g3 -Wall -c -fmessage-length=0 -MMD -MP -MF"src/lcs_nlogn.d" -MT"src/lcs_nlogn.d" -o "src/lcs_nlogn.o" "../src/lcs_nlogn.c"
../src/lcs_nlogn.c: In function ‘print_lis’:
../src/lcs_nlogn.c:39: warning: implicit declaration of function ‘printf’
../src/lcs_nlogn.c:39: warning: incompatible implicit declaration of built-in function ‘printf’
Finished building: ../src/lcs_nlogn.c
 
Building file: ../src/main.c
Invoking: GCC C Compiler
gcc -O0 -g3 -Wall -c -fmessage-length=0 -MMD -MP -MF"src/main.d" -MT"src/main.d" -o "src/main.o" "../src/main.c"
Finished building: ../src/main.c
 
Building target: LCS
Invoking: GCC C Linker
gcc  -o "LCS"  ./src/QuickSort.o ./src/lcs.o ./src/lcs_nlogn.o ./src/main.o ./src/random.o   
Finished building target: LCS
 

**** Build Finished ****

**** Build of configuration Debug for project LCS ****

make all 
Building file: ../src/lcs_nlogn.c
Invoking: GCC C Compiler
gcc -O0 -g3 -Wall -c -fmessage-length=0 -MMD -MP -MF"src/lcs_nlogn.d" -MT"src/lcs_nlogn.d" -o "src/lcs_nlogn.o" "../src/lcs_nlogn.c"
../src/lcs_nlogn.c: In function ‘print_lis’:
Finished building: ../src/lcs_nlogn.c
../src/lcs_nlogn.c:39: warning: implicit declaration of function ‘printf’
 
../src/lcs_nlogn.c:39: warning: incompatible implicit declaration of built-in function ‘printf’
Building target: LCS
Invoking: GCC C Linker
gcc  -o "LCS"  ./src/QuickSort.o ./src/lcs.o ./src/lcs_nlogn.o ./src/main.o ./src/random.o   
Finished building target: LCS
 

**** Build Finished ****

**** Build of configuration Debug for project Sort ****

make all 
make: Nothing to be done for `all'.

**** Build Finished ****

**** Build of configuration Debug for project LCS ****

make all 
make: Nothing to be done for `all'.

**** Build Finished ****

**** Build of configuration Debug for project LCS ****

make all 
Building file: ../src/lcs.c
Invoking: GCC C Compiler
gcc -O0 -g3 -Wall -c -fmessage-length=0 -MMD -MP -MF"src/lcs.d" -MT"src/lcs.d" -o "src/lcs.o" "../src/lcs.c"
../src/lcs.c: In function ‘print_lcs’:
../src/lcs.c:39: warning: implicit declaration of function ‘printf’
../src/lcs.c:39: warning: incompatible implicit declaration of built-in function ‘printf’
Finished building: ../src/lcs.c
 
Building file: ../src/main.c
Invoking: GCC C Compiler
gcc -O0 -g3 -Wall -c -fmessage-length=0 -MMD -MP -MF"src/main.d" -MT"src/main.d" -o "src/main.o" "../src/main.c"
Finished building: ../src/main.c
 
Building target: LCS
Invoking: GCC C Linker
gcc  -o "LCS"  ./src/QuickSort.o ./src/lcs.o ./src/lcs_nlogn.o ./src/main.o ./src/random.o   
Finished building target: LCS
 

**** Build Finished ****

**** Build of configuration Debug for project LCS ****

make all 
Building file: ../src/lcs_nlogn.c
Invoking: GCC C Compiler
gcc -O0 -g3 -Wall -c -fmessage-length=0 -MMD -MP -MF"src/lcs_nlogn.d" -MT"src/lcs_nlogn.d" -o "src/lcs_nlogn.o" "../src/lcs_nlogn.c"
../src/lcs_nlogn.c: In function ‘print_lis’:
../src/lcs_nlogn.c:39: warning: implicit declaration of function ‘printf’
../src/lcs_nlogn.c:39: warning: incompatible implicit declaration of built-in function ‘printf’
Finished building: ../src/lcs_nlogn.c
 
Building target: LCS
Invoking: GCC C Linker
gcc  -o "LCS"  ./src/QuickSort.o ./src/lcs.o ./src/lcs_nlogn.o ./src/main.o ./src/random.o   
Finished building target: LCS
 

**** Build Finished ****

**** Build of configuration Debug for project LCS ****

make all 
Building file: ../src/main.c
Invoking: GCC C Compiler
gcc -O0 -g3 -Wall -c -fmessage-length=0 -MMD -MP -MF"src/main.d" -MT"src/main.d" -o "src/main.o" "../src/main.c"
../src/main.c: In function ‘main’:
../src/main.c:34: warning: implicit declaration of function ‘lcs_length’
../src/main.c:35: warning: implicit declaration of function ‘print_lcs’
Finished building: ../src/main.c
 
Building target: LCS
Invoking: GCC C Linker
gcc  -o "LCS"  ./src/QuickSort.o ./src/lcs.o ./src/lcs_nlogn.o ./src/main.o ./src/random.o   
Finished building target: LCS
 

**** Build Finished ****

**** Build of configuration Debug for project LCS ****

make all 
Building file: ../src/main.c
Invoking: GCC C Compiler
gcc -O0 -g3 -Wall -c -fmessage-length=0 -MMD -MP -MF"src/main.d" -MT"src/main.d" -o "src/main.o" "../src/main.c"
Finished building: ../src/main.c
 
Building target: LCS
Invoking: GCC C Linker
gcc  -o "LCS"  ./src/QuickSort.o ./src/lcs.o ./src/lcs_nlogn.o ./src/main.o ./src/random.o   
Finished building target: LCS
 

**** Build Finished ****

**** Build of configuration Debug for project LCS ****

make all 
Building file: ../src/lcs_nlogn.c
Invoking: GCC C Compiler
gcc -O0 -g3 -Wall -c -fmessage-length=0 -MMD -MP -MF"src/lcs_nlogn.d" -MT"src/lcs_nlogn.d" -o "src/lcs_nlogn.o" "../src/lcs_nlogn.c"
../src/lcs_nlogn.c: In function ‘lis_length’:
../src/lcs_nlogn.c:31: warning: implicit declaration of function ‘printf’
../src/lcs_nlogn.c:31: warning: incompatible implicit declaration of built-in function ‘printf’
../src/lcs_nlogn.c: In function ‘print_lis’:
Finished building: ../src/lcs_nlogn.c
../src/lcs_nlogn.c:40: warning: incompatible implicit declaration of built-in function ‘printf’
 
Building target: LCS
Invoking: GCC C Linker
gcc  -o "LCS"  ./src/QuickSort.o ./src/lcs.o ./src/lcs_nlogn.o ./src/main.o ./src/random.o   
Finished building target: LCS
 

**** Build Finished ****

**** Build of configuration Debug for project LCS ****

make all 
make: Nothing to be done for `all'.

**** Build Finished ****

**** Build of configuration Debug for project LCS ****

make all 
make: Nothing to be done for `all'.

**** Build Finished ****

**** Build of configuration Debug for project Sort ****

make all 
make: Nothing to be done for `all'.

**** Build Finished ****

**** Build of configuration Debug for project LCS ****

make all 
make: Nothing to be done for `all'.

**** Build Finished ****

**** Build of configuration Debug for project LCS ****

make all 
make: Nothing to be done for `all'.

**** Build Finished ****

**** Build of configuration Debug for project LCS ****

make all 
Building file: ../src/lcs_nlogn.c
Invoking: GCC C Compiler
gcc -O0 -g3 -Wall -c -fmessage-length=0 -MMD -MP -MF"src/lcs_nlogn.d" -MT"src/lcs_nlogn.d" -o "src/lcs_nlogn.o" "../src/lcs_nlogn.c"
../src/lcs_nlogn.c: In function ‘lis_length’:
../src/lcs_nlogn.c:31: warning: implicit declaration of function ‘printf’
../src/lcs_nlogn.c:31: warning: incompatible implicit declaration of built-in function ‘printf’
Finished building: ../src/lcs_nlogn.c
 
Building file: ../src/main.c
Invoking: GCC C Compiler
gcc -O0 -g3 -Wall -c -fmessage-length=0 -MMD -MP -MF"src/main.d" -MT"src/main.d" -o "src/main.o" "../src/main.c"
../src/lcs_nlogn.c: In function ‘print_lis’:
../src/lcs_nlogn.c:44: warning: incompatible implicit declaration of built-in function ‘printf’
Finished building: ../src/main.c
 
Building target: LCS
Invoking: GCC C Linker
gcc  -o "LCS"  ./src/QuickSort.o ./src/lcs.o ./src/lcs_nlogn.o ./src/main.o ./src/random.o   
Finished building target: LCS
 

**** Build Finished ****

**** Build of configuration Debug for project LCS ****

make all 
make: Nothing to be done for `all'.

**** Build Finished ****

**** Build of configuration Debug for project LCS ****

make all 
Building file: ../src/lcs_nlogn.c
Invoking: GCC C Compiler
gcc -O0 -g3 -Wall -c -fmessage-length=0 -MMD -MP -MF"src/lcs_nlogn.d" -MT"src/lcs_nlogn.d" -o "src/lcs_nlogn.o" "../src/lcs_nlogn.c"
../src/lcs_nlogn.c: In function ‘lis_length’:
../src/lcs_nlogn.c:31: warning: implicit declaration of function ‘printf’
Finished building: ../src/lcs_nlogn.c
 
Building target: LCS
Invoking: GCC C Linker
gcc  -o "LCS"  ./src/QuickSort.o ./src/lcs.o ./src/lcs_nlogn.o ./src/main.o ./src/random.o   
../src/lcs_nlogn.c:31: warning: incompatible implicit declaration of built-in function ‘printf’
../src/lcs_nlogn.c: In function ‘print_lis’:
../src/lcs_nlogn.c:44: warning: incompatible implicit declaration of built-in function ‘printf’
Finished building target: LCS
 

**** Build Finished ****

**** Build of configuration Debug for project LCS ****

make all 
Building file: ../src/lcs_nlogn.c
Invoking: GCC C Compiler
gcc -O0 -g3 -Wall -c -fmessage-length=0 -MMD -MP -MF"src/lcs_nlogn.d" -MT"src/lcs_nlogn.d" -o "src/lcs_nlogn.o" "../src/lcs_nlogn.c"
../src/lcs_nlogn.c: In function ‘lis_length’:
../src/lcs_nlogn.c:32: warning: implicit declaration of function ‘printf’
Finished building: ../src/lcs_nlogn.c
../src/lcs_nlogn.c:32: warning: incompatible implicit declaration of built-in function ‘printf’
 
../src/lcs_nlogn.c: In function ‘print_lis’:
../src/lcs_nlogn.c:45: warning: incompatible implicit declaration of built-in function ‘printf’
Building target: LCS
Invoking: GCC C Linker
gcc  -o "LCS"  ./src/QuickSort.o ./src/lcs.o ./src/lcs_nlogn.o ./src/main.o ./src/random.o   
Finished building target: LCS
 

**** Build Finished ****

**** Build of configuration Debug for project LCS ****

make all 
make: Nothing to be done for `all'.

**** Build Finished ****

**** Build of configuration Debug for project LCS ****

make all 
make: Nothing to be done for `all'.

**** Build Finished ****

**** Build of configuration Debug for project LCS ****

make all 
make: Nothing to be done for `all'.

**** Build Finished ****

**** Build of configuration Debug for project Sort ****

make all 
make: Nothing to be done for `all'.

**** Build Finished ****

**** Build of configuration Debug for project LCS ****

make all 
make: Nothing to be done for `all'.

**** Build Finished ****

**** Build of configuration Debug for project LCS ****

make all 
make: Nothing to be done for `all'.

**** Build Finished ****

**** Build of configuration Debug for project LCS ****

make all 
make: Nothing to be done for `all'.

**** Build Finished ****

**** Build of configuration Debug for project LCS ****

make all 
make: Nothing to be done for `all'.

**** Build Finished ****

**** Build of configuration Debug for project LCS ****

make all 
make: Nothing to be done for `all'.

**** Build Finished ****

**** Build of configuration Debug for project LCS ****

make all 
make: Nothing to be done for `all'.

**** Build Finished ****
